-------------------------------------------------------------------------------
Test set: eu.ddmore.converter.mdl2pharmml08.TaskSettingsPrinterTest
-------------------------------------------------------------------------------
Tests run: 4, Failures: 0, Errors: 0, Skipped: 0, Time elapsed: 0.055 sec - in eu.ddmore.converter.mdl2pharmml08.TaskSettingsPrinterTest
testWriteEstGenericSettingsOnly(eu.ddmore.converter.mdl2pharmml08.TaskSettingsPrinterTest)  Time elapsed: 0.013 sec
testWriteEstimateWithSettingsFile(eu.ddmore.converter.mdl2pharmml08.TaskSettingsPrinterTest)  Time elapsed: 0.013 sec
testWriteEstGenericAndTargetSettings(eu.ddmore.converter.mdl2pharmml08.TaskSettingsPrinterTest)  Time elapsed: 0.013 sec
testWriteEstGenericSettingsWithMcMcOnly(eu.ddmore.converter.mdl2pharmml08.TaskSettingsPrinterTest)  Time elapsed: 0.013 sec
