-------------------------------------------------------------------------------
Test set: eu.ddmore.converter.mdl2pharmml08.ModellingStepsPrinterEstimateTest
-------------------------------------------------------------------------------
Tests run: 3, Failures: 0, Errors: 0, Skipped: 0, Time elapsed: 0.113 sec - in eu.ddmore.converter.mdl2pharmml08.ModellingStepsPrinterEstimateTest
testEstimationStepNoTargetSettings(eu.ddmore.converter.mdl2pharmml08.ModellingStepsPrinterEstimateTest)  Time elapsed: 0.036 sec
testEstimationStepTargetSettingsFile(eu.ddmore.converter.mdl2pharmml08.ModellingStepsPrinterEstimateTest)  Time elapsed: 0.037 sec
testEstimationStepTargetSettingsOnly(eu.ddmore.converter.mdl2pharmml08.ModellingStepsPrinterEstimateTest)  Time elapsed: 0.038 sec
