-------------------------------------------------------------------------------
Test set: eu.ddmore.converter.mdl2pharmml08.Mcl2PharmMLConverterTest
-------------------------------------------------------------------------------
Tests run: 67, Failures: 0, Errors: 0, Skipped: 0, Time elapsed: 22.194 sec - in eu.ddmore.converter.mdl2pharmml08.Mcl2PharmMLConverterTest
testUseCase101(eu.ddmore.converter.mdl2pharmml08.Mcl2PharmMLConverterTest)  Time elapsed: 2.03 sec
testUseCase102(eu.ddmore.converter.mdl2pharmml08.Mcl2PharmMLConverterTest)  Time elapsed: 0.895 sec
testUseCase103(eu.ddmore.converter.mdl2pharmml08.Mcl2PharmMLConverterTest)  Time elapsed: 0.624 sec
testUseCase104(eu.ddmore.converter.mdl2pharmml08.Mcl2PharmMLConverterTest)  Time elapsed: 0.479 sec
testUseCase105(eu.ddmore.converter.mdl2pharmml08.Mcl2PharmMLConverterTest)  Time elapsed: 0.45 sec
testUseCase106(eu.ddmore.converter.mdl2pharmml08.Mcl2PharmMLConverterTest)  Time elapsed: 0.404 sec
testUseCase107(eu.ddmore.converter.mdl2pharmml08.Mcl2PharmMLConverterTest)  Time elapsed: 0.357 sec
testUseCase108(eu.ddmore.converter.mdl2pharmml08.Mcl2PharmMLConverterTest)  Time elapsed: 0.56 sec
testUseCase109(eu.ddmore.converter.mdl2pharmml08.Mcl2PharmMLConverterTest)  Time elapsed: 0.488 sec
testUseCase110(eu.ddmore.converter.mdl2pharmml08.Mcl2PharmMLConverterTest)  Time elapsed: 0.322 sec
testUseCase111(eu.ddmore.converter.mdl2pharmml08.Mcl2PharmMLConverterTest)  Time elapsed: 0.319 sec
testUseCase130(eu.ddmore.converter.mdl2pharmml08.Mcl2PharmMLConverterTest)  Time elapsed: 0.314 sec
testUseCase1_2(eu.ddmore.converter.mdl2pharmml08.Mcl2PharmMLConverterTest)  Time elapsed: 0.299 sec
testUseCase2_1(eu.ddmore.converter.mdl2pharmml08.Mcl2PharmMLConverterTest)  Time elapsed: 0.379 sec
testUseCase2_2(eu.ddmore.converter.mdl2pharmml08.Mcl2PharmMLConverterTest)  Time elapsed: 0.29 sec
testUseCase3_1(eu.ddmore.converter.mdl2pharmml08.Mcl2PharmMLConverterTest)  Time elapsed: 0.276 sec
testUseCase4_1(eu.ddmore.converter.mdl2pharmml08.Mcl2PharmMLConverterTest)  Time elapsed: 0.286 sec
testUseCase4_2(eu.ddmore.converter.mdl2pharmml08.Mcl2PharmMLConverterTest)  Time elapsed: 0.295 sec
testUseCase5_2(eu.ddmore.converter.mdl2pharmml08.Mcl2PharmMLConverterTest)  Time elapsed: 0.276 sec
testUseCase5_3(eu.ddmore.converter.mdl2pharmml08.Mcl2PharmMLConverterTest)  Time elapsed: 0.329 sec
testUseCase6_2(eu.ddmore.converter.mdl2pharmml08.Mcl2PharmMLConverterTest)  Time elapsed: 0.33 sec
testUseCase6_3(eu.ddmore.converter.mdl2pharmml08.Mcl2PharmMLConverterTest)  Time elapsed: 0.324 sec
testUseCase8_1(eu.ddmore.converter.mdl2pharmml08.Mcl2PharmMLConverterTest)  Time elapsed: 0.509 sec
testComplex_PK_Model(eu.ddmore.converter.mdl2pharmml08.Mcl2PharmMLConverterTest)  Time elapsed: 0.247 sec
testUseCase1_PRIOR_FromData(eu.ddmore.converter.mdl2pharmml08.Mcl2PharmMLConverterTest)  Time elapsed: 0.286 sec
testCM3(eu.ddmore.converter.mdl2pharmml08.Mcl2PharmMLConverterTest)  Time elapsed: 0.234 sec
testUseCase1_PRIOR_UNIPV(eu.ddmore.converter.mdl2pharmml08.Mcl2PharmMLConverterTest)  Time elapsed: 0.27 sec
testUseCaseSimeoniDesign(eu.ddmore.converter.mdl2pharmml08.Mcl2PharmMLConverterTest)  Time elapsed: 0.295 sec
testExecutable_Simeoni_2004_oncology_TGI_Prior(eu.ddmore.converter.mdl2pharmml08.Mcl2PharmMLConverterTest)  Time elapsed: 0.263 sec
testUseCase10(eu.ddmore.converter.mdl2pharmml08.Mcl2PharmMLConverterTest)  Time elapsed: 0.261 sec
testUseCase11(eu.ddmore.converter.mdl2pharmml08.Mcl2PharmMLConverterTest)  Time elapsed: 0.237 sec
testUseCase12(eu.ddmore.converter.mdl2pharmml08.Mcl2PharmMLConverterTest)  Time elapsed: 0.241 sec
testUseCase13(eu.ddmore.converter.mdl2pharmml08.Mcl2PharmMLConverterTest)  Time elapsed: 0.37 sec
testUseCase14(eu.ddmore.converter.mdl2pharmml08.Mcl2PharmMLConverterTest)  Time elapsed: 0.234 sec
testUseCase15(eu.ddmore.converter.mdl2pharmml08.Mcl2PharmMLConverterTest)  Time elapsed: 0.247 sec
testUseCase16(eu.ddmore.converter.mdl2pharmml08.Mcl2PharmMLConverterTest)  Time elapsed: 0.236 sec
testUseCase17(eu.ddmore.converter.mdl2pharmml08.Mcl2PharmMLConverterTest)  Time elapsed: 0.254 sec
testUseCase20(eu.ddmore.converter.mdl2pharmml08.Mcl2PharmMLConverterTest)  Time elapsed: 0.246 sec
testUseCase21(eu.ddmore.converter.mdl2pharmml08.Mcl2PharmMLConverterTest)  Time elapsed: 0.241 sec
testUseCase23(eu.ddmore.converter.mdl2pharmml08.Mcl2PharmMLConverterTest)  Time elapsed: 0.232 sec
testUseCase24(eu.ddmore.converter.mdl2pharmml08.Mcl2PharmMLConverterTest)  Time elapsed: 0.236 sec
testMODEL1_design(eu.ddmore.converter.mdl2pharmml08.Mcl2PharmMLConverterTest)  Time elapsed: 0.258 sec
testExample3422_design(eu.ddmore.converter.mdl2pharmml08.Mcl2PharmMLConverterTest)  Time elapsed: 0.28 sec
testUseCaseMixedObs(eu.ddmore.converter.mdl2pharmml08.Mcl2PharmMLConverterTest)  Time elapsed: 0.442 sec
testUseCase1_PRIOR_NoParObj(eu.ddmore.converter.mdl2pharmml08.Mcl2PharmMLConverterTest)  Time elapsed: 0.253 sec
testUseCase1(eu.ddmore.converter.mdl2pharmml08.Mcl2PharmMLConverterTest)  Time elapsed: 0.234 sec
testUseCase2(eu.ddmore.converter.mdl2pharmml08.Mcl2PharmMLConverterTest)  Time elapsed: 0.238 sec
testUseCase3(eu.ddmore.converter.mdl2pharmml08.Mcl2PharmMLConverterTest)  Time elapsed: 0.246 sec
testUseCase4(eu.ddmore.converter.mdl2pharmml08.Mcl2PharmMLConverterTest)  Time elapsed: 0.251 sec
testUseCase5(eu.ddmore.converter.mdl2pharmml08.Mcl2PharmMLConverterTest)  Time elapsed: 0.242 sec
testUseCase6(eu.ddmore.converter.mdl2pharmml08.Mcl2PharmMLConverterTest)  Time elapsed: 0.236 sec
testUseCase7(eu.ddmore.converter.mdl2pharmml08.Mcl2PharmMLConverterTest)  Time elapsed: 0.229 sec
testUseCase8(eu.ddmore.converter.mdl2pharmml08.Mcl2PharmMLConverterTest)  Time elapsed: 0.232 sec
testUseCase9(eu.ddmore.converter.mdl2pharmml08.Mcl2PharmMLConverterTest)  Time elapsed: 0.229 sec
testUseCase10_1(eu.ddmore.converter.mdl2pharmml08.Mcl2PharmMLConverterTest)  Time elapsed: 0.362 sec
testUseCase12_1(eu.ddmore.converter.mdl2pharmml08.Mcl2PharmMLConverterTest)  Time elapsed: 0.221 sec
testUseCase12_2(eu.ddmore.converter.mdl2pharmml08.Mcl2PharmMLConverterTest)  Time elapsed: 0.21 sec
testUseCase13_1(eu.ddmore.converter.mdl2pharmml08.Mcl2PharmMLConverterTest)  Time elapsed: 0.222 sec
testUseCase14_1(eu.ddmore.converter.mdl2pharmml08.Mcl2PharmMLConverterTest)  Time elapsed: 0.217 sec
testUseCase14_2(eu.ddmore.converter.mdl2pharmml08.Mcl2PharmMLConverterTest)  Time elapsed: 0.226 sec
testUseCase16_1(eu.ddmore.converter.mdl2pharmml08.Mcl2PharmMLConverterTest)  Time elapsed: 0.256 sec
testUseCase1_PRIOR_FromData2(eu.ddmore.converter.mdl2pharmml08.Mcl2PharmMLConverterTest)  Time elapsed: 0.258 sec
testUseCase4_design1_eval(eu.ddmore.converter.mdl2pharmml08.Mcl2PharmMLConverterTest)  Time elapsed: 0.237 sec
testExample332_design(eu.ddmore.converter.mdl2pharmml08.Mcl2PharmMLConverterTest)  Time elapsed: 0.225 sec
testUseCase1PRIOR_Cauchy_UNIPV(eu.ddmore.converter.mdl2pharmml08.Mcl2PharmMLConverterTest)  Time elapsed: 0.241 sec
testRocchetti_design(eu.ddmore.converter.mdl2pharmml08.Mcl2PharmMLConverterTest)  Time elapsed: 0.379 sec
testUseCase3_design1_eval(eu.ddmore.converter.mdl2pharmml08.Mcl2PharmMLConverterTest)  Time elapsed: 0.28 sec
